<?xml version="1.0" encoding="UTF-8"?>
<testng-results skipped="0" failed="1" total="10" passed="9">
  <reporter-output>
  </reporter-output>
  <suite name="Default suite" duration-ms="24971" started-at="2022-02-14T12:44:47Z" finished-at="2022-02-14T12:45:12Z">
    <groups>
    </groups>
    <test name="Default test" duration-ms="24971" started-at="2022-02-14T12:44:47Z" finished-at="2022-02-14T12:45:12Z">
      <class name="com.excel.excel.Testxl">
        <test-method status="PASS" signature="browser()[pri:0, instance:com.excel.excel.Testxl@5e5792a0]" name="browser" is-config="true" duration-ms="13793" started-at="2022-02-14T18:14:33Z" finished-at="2022-02-14T18:14:47Z">
          <reporter-output>
          </reporter-output>
        </test-method> <!-- browser -->
        <test-method status="FAIL" signature="registration(java.lang.String)[pri:0, instance:com.excel.excel.Testxl@5e5792a0]" name="registration" duration-ms="84" started-at="2022-02-14T18:14:48Z" data-provider="excelread" finished-at="2022-02-14T18:14:48Z">
          <params>
            <param index="0">
              <value is-null="true"/>
            </param>
          </params>
          <exception class="java.lang.NullPointerException">
            <full-stacktrace>
              <![CDATA[java.lang.NullPointerException
	at com.excel.excel.Testxl.registration(Testxl.java:48)
	at sun.reflect.NativeMethodAccessorImpl.invoke0(Native Method)
	at sun.reflect.NativeMethodAccessorImpl.invoke(Unknown Source)
	at sun.reflect.DelegatingMethodAccessorImpl.invoke(Unknown Source)
	at java.lang.reflect.Method.invoke(Unknown Source)
	at org.testng.internal.MethodInvocationHelper.invokeMethod(MethodInvocationHelper.java:86)
	at org.testng.internal.Invoker.invokeMethod(Invoker.java:643)
	at org.testng.internal.Invoker.invokeTestMethod(Invoker.java:820)
	at org.testng.internal.Invoker.invokeTestMethods(Invoker.java:1128)
	at org.testng.internal.TestMethodWorker.invokeTestMethods(TestMethodWorker.java:129)
	at org.testng.internal.TestMethodWorker.run(TestMethodWorker.java:112)
	at org.testng.TestRunner.privateRun(TestRunner.java:782)
	at org.testng.TestRunner.run(TestRunner.java:632)
	at org.testng.SuiteRunner.runTest(SuiteRunner.java:366)
	at org.testng.SuiteRunner.runSequentially(SuiteRunner.java:361)
	at org.testng.SuiteRunner.privateRun(SuiteRunner.java:319)
	at org.testng.SuiteRunner.run(SuiteRunner.java:268)
	at org.testng.SuiteRunnerWorker.runSuite(SuiteRunnerWorker.java:52)
	at org.testng.SuiteRunnerWorker.run(SuiteRunnerWorker.java:86)
	at org.testng.TestNG.runSuitesSequentially(TestNG.java:1244)
	at org.testng.TestNG.runSuitesLocally(TestNG.java:1169)
	at org.testng.TestNG.run(TestNG.java:1064)
	at org.testng.remote.AbstractRemoteTestNG.run(AbstractRemoteTestNG.java:132)
	at org.testng.remote.RemoteTestNG.initAndRun(RemoteTestNG.java:236)
	at org.testng.remote.RemoteTestNG.main(RemoteTestNG.java:81)
]]>
            </full-stacktrace>
          </exception> <!-- java.lang.NullPointerException -->
          <reporter-output>
          </reporter-output>
        </test-method> <!-- registration -->
        <test-method status="PASS" signature="registration(java.lang.String)[pri:0, instance:com.excel.excel.Testxl@5e5792a0]" name="registration" duration-ms="2904" started-at="2022-02-14T18:14:48Z" data-provider="excelread" finished-at="2022-02-14T18:14:51Z">
          <params>
            <param index="0">
              <value>
                <![CDATA[Cricket, Movies, Hockey]]>
              </value>
            </param>
          </params>
          <reporter-output>
          </reporter-output>
        </test-method> <!-- registration -->
        <test-method status="PASS" signature="registration(java.lang.String)[pri:0, instance:com.excel.excel.Testxl@5e5792a0]" name="registration" duration-ms="2773" started-at="2022-02-14T18:14:51Z" data-provider="excelread" finished-at="2022-02-14T18:14:54Z">
          <params>
            <param index="0">
              <value>
                <![CDATA[Movies, Hockey]]>
              </value>
            </param>
          </params>
          <reporter-output>
          </reporter-output>
        </test-method> <!-- registration -->
        <test-method status="PASS" signature="registration(java.lang.String)[pri:0, instance:com.excel.excel.Testxl@5e5792a0]" name="registration" duration-ms="2547" started-at="2022-02-14T18:14:54Z" data-provider="excelread" finished-at="2022-02-14T18:14:56Z">
          <params>
            <param index="0">
              <value>
                <![CDATA[Cricket, Movies]]>
              </value>
            </param>
          </params>
          <reporter-output>
          </reporter-output>
        </test-method> <!-- registration -->
        <test-method status="PASS" signature="registration(java.lang.String)[pri:0, instance:com.excel.excel.Testxl@5e5792a0]" name="registration" duration-ms="2468" started-at="2022-02-14T18:14:56Z" data-provider="excelread" finished-at="2022-02-14T18:14:59Z">
          <params>
            <param index="0">
              <value>
                <![CDATA[Cricket, Movies]]>
              </value>
            </param>
          </params>
          <reporter-output>
          </reporter-output>
        </test-method> <!-- registration -->
        <test-method status="PASS" signature="registration(java.lang.String)[pri:0, instance:com.excel.excel.Testxl@5e5792a0]" name="registration" duration-ms="2742" started-at="2022-02-14T18:14:59Z" data-provider="excelread" finished-at="2022-02-14T18:15:01Z">
          <params>
            <param index="0">
              <value>
                <![CDATA[Hockey]]>
              </value>
            </param>
          </params>
          <reporter-output>
          </reporter-output>
        </test-method> <!-- registration -->
        <test-method status="PASS" signature="registration(java.lang.String)[pri:0, instance:com.excel.excel.Testxl@5e5792a0]" name="registration" duration-ms="2489" started-at="2022-02-14T18:15:01Z" data-provider="excelread" finished-at="2022-02-14T18:15:04Z">
          <params>
            <param index="0">
              <value>
                <![CDATA[Cricket]]>
              </value>
            </param>
          </params>
          <reporter-output>
          </reporter-output>
        </test-method> <!-- registration -->
        <test-method status="PASS" signature="registration(java.lang.String)[pri:0, instance:com.excel.excel.Testxl@5e5792a0]" name="registration" duration-ms="2585" started-at="2022-02-14T18:15:04Z" data-provider="excelread" finished-at="2022-02-14T18:15:06Z">
          <params>
            <param index="0">
              <value>
                <![CDATA[Movies]]>
              </value>
            </param>
          </params>
          <reporter-output>
          </reporter-output>
        </test-method> <!-- registration -->
        <test-method status="PASS" signature="registration(java.lang.String)[pri:0, instance:com.excel.excel.Testxl@5e5792a0]" name="registration" duration-ms="2675" started-at="2022-02-14T18:15:06Z" data-provider="excelread" finished-at="2022-02-14T18:15:09Z">
          <params>
            <param index="0">
              <value>
                <![CDATA[Movies, Hockey]]>
              </value>
            </param>
          </params>
          <reporter-output>
          </reporter-output>
        </test-method> <!-- registration -->
        <test-method status="PASS" signature="registration(java.lang.String)[pri:0, instance:com.excel.excel.Testxl@5e5792a0]" name="registration" duration-ms="2728" started-at="2022-02-14T18:15:09Z" data-provider="excelread" finished-at="2022-02-14T18:15:12Z">
          <params>
            <param index="0">
              <value>
                <![CDATA[Cricket, Movies, Hockey]]>
              </value>
            </param>
          </params>
          <reporter-output>
          </reporter-output>
        </test-method> <!-- registration -->
        <test-method status="PASS" signature="browserclose()[pri:0, instance:com.excel.excel.Testxl@5e5792a0]" name="browserclose" is-config="true" duration-ms="186" started-at="2022-02-14T18:15:12Z" finished-at="2022-02-14T18:15:12Z">
          <reporter-output>
          </reporter-output>
        </test-method> <!-- browserclose -->
      </class> <!-- com.excel.excel.Testxl -->
    </test> <!-- Default test -->
  </suite> <!-- Default suite -->
</testng-results>
