<?xml version="1.0" encoding="UTF-8"?>
<testng-results skipped="0" failed="0" total="1" passed="1">
  <reporter-output>
  </reporter-output>
  <suite name="Default suite" duration-ms="16148" started-at="2022-02-05T14:58:38Z" finished-at="2022-02-05T14:58:55Z">
    <groups>
    </groups>
    <test name="Default test" duration-ms="16148" started-at="2022-02-05T14:58:38Z" finished-at="2022-02-05T14:58:55Z">
      <class name="com.demo.Testng.Testng1">
        <test-method status="PASS" signature="chromebrwsr()[pri:0, instance:com.demo.Testng.Testng1@7823a2f9]" name="chromebrwsr" duration-ms="16118" started-at="2022-02-05T20:28:38Z" finished-at="2022-02-05T20:28:55Z">
          <reporter-output>
          </reporter-output>
        </test-method> <!-- chromebrwsr -->
      </class> <!-- com.demo.Testng.Testng1 -->
    </test> <!-- Default test -->
  </suite> <!-- Default suite -->
</testng-results>
